<?xml version="1.0" encoding="UTF-8"?>
<!-- Generated by org.testng.reporters.JUnitReportReporter -->
<testsuite hostname="DESKTOP-GV7LQC0" failures="0" tests="1" name="requests.PostRequest" time="2.212" errors="0" timestamp="2022-03-29T21:14:20 EDT" skipped="0">
  <testcase classname="requests.PostRequest" name="postRequest" time="2.212"/>
  <system-out/>
</testsuite> <!-- requests.PostRequest -->
