<?xml version="1.0" encoding="UTF-8"?>
<!-- Generated by org.testng.reporters.JUnitReportReporter -->
<testsuite hostname="DESKTOP-GV7LQC0" failures="0" tests="1" name="getRequests.TC001_GetRequest_Weather" time="1.548" errors="0" timestamp="2022-02-02T10:19:13 EST" skipped="0">
  <testcase classname="getRequests.TC001_GetRequest_Weather" name="getWeatherDetails" time="1.548"/>
  <system-out/>
</testsuite> <!-- getRequests.TC001_GetRequest_Weather -->
