<?xml version="1.0" encoding="UTF-8"?>
<!-- Generated by org.testng.reporters.JUnitReportReporter -->
<testsuite hostname="DESKTOP-GV7LQC0" failures="0" tests="1" name="requests.GetRequest" time="1.944" errors="0" timestamp="2022-03-29T21:13:52 EDT" skipped="0">
  <testcase classname="requests.GetRequest" name="getRequest" time="1.944"/>
  <system-out/>
</testsuite> <!-- requests.GetRequest -->
