<?xml version="1.0" encoding="UTF-8"?>
<!-- Generated by org.testng.reporters.JUnitReportReporter -->
<testsuite hostname="DESKTOP-GV7LQC0" failures="0" tests="1" name="requests.PostRequest" time="1.869" errors="0" timestamp="2022-02-02T14:09:45 EST" skipped="0">
  <testcase classname="requests.PostRequest" name="postRequest" time="1.869"/>
  <system-out/>
</testsuite> <!-- requests.PostRequest -->
